[    43.756] (--) Log file renamed from "/home/joojoq/.local/share/xorg/Xorg.pid-962.log" to "/home/joojoq/.local/share/xorg/Xorg.0.log"
[    43.757] 
X.Org X Server 1.19.6
Release Date: 2017-12-20
[    43.757] X Protocol Version 11, Revision 0
[    43.758] Build Operating System: Linux 4.4.0-119-generic x86_64 Ubuntu
[    43.760] Current Operating System: Linux joojoq-VirtualBox 4.15.0-29-generic #31-Ubuntu SMP Tue Jul 17 15:39:52 UTC 2018 x86_64
[    43.761] Kernel command line: BOOT_IMAGE=/boot/vmlinuz-4.15.0-29-generic root=UUID=07f6d281-5aad-4787-ba42-618191e7ba79 ro quiet splash
[    43.761] Build Date: 13 April 2018  08:07:36PM
[    43.761] xorg-server 2:1.19.6-1ubuntu4 (For technical support please see http://www.ubuntu.com/support) 
[    43.762] Current version of pixman: 0.34.0
[    43.762] 	Before reporting problems, check http://wiki.x.org
	to make sure that you have the latest version.
[    43.762] Markers: (--) probed, (**) from config file, (==) default setting,
	(++) from command line, (!!) notice, (II) informational,
	(WW) warning, (EE) error, (NI) not implemented, (??) unknown.
[    43.762] (==) Log file: "/home/joojoq/.local/share/xorg/Xorg.0.log", Time: Tue Sep 11 13:47:48 2018
[    43.765] (==) Using system config directory "/usr/share/X11/xorg.conf.d"
[    43.771] (==) No Layout section.  Using the first Screen section.
[    43.771] (==) No screen section available. Using defaults.
[    43.771] (**) |-->Screen "Default Screen Section" (0)
[    43.771] (**) |   |-->Monitor "<default monitor>"
[    43.776] (==) No monitor specified for screen "Default Screen Section".
	Using a default monitor configuration.
[    43.777] (==) Automatically adding devices
[    43.777] (==) Automatically enabling devices
[    43.778] (==) Automatically adding GPU devices
[    43.778] (==) Automatically binding GPU devices
[    43.778] (==) Max clients allowed: 256, resource mask: 0x1fffff
[    43.778] (WW) The directory "/usr/share/fonts/X11/cyrillic" does not exist.
[    43.779] 	Entry deleted from font path.
[    43.779] (WW) The directory "/usr/share/fonts/X11/100dpi/" does not exist.
[    43.779] 	Entry deleted from font path.
[    43.779] (WW) The directory "/usr/share/fonts/X11/75dpi/" does not exist.
[    43.780] 	Entry deleted from font path.
[    43.780] (WW) The directory "/usr/share/fonts/X11/100dpi" does not exist.
[    43.780] 	Entry deleted from font path.
[    43.780] (WW) The directory "/usr/share/fonts/X11/75dpi" does not exist.
[    43.781] 	Entry deleted from font path.
[    43.782] (==) FontPath set to:
	/usr/share/fonts/X11/misc,
	/usr/share/fonts/X11/Type1,
	built-ins
[    43.782] (==) ModulePath set to "/usr/lib/xorg/modules"
[    43.782] (II) The server relies on udev to provide the list of input devices.
	If no devices become available, reconfigure udev or disable AutoAddDevices.
[    43.783] (II) Loader magic: 0x55c788623020
[    43.783] (II) Module ABI versions:
[    43.783] 	X.Org ANSI C Emulation: 0.4
[    43.783] 	X.Org Video Driver: 23.0
[    43.783] 	X.Org XInput driver : 24.1
[    43.783] 	X.Org Server Extension : 10.0
[    43.797] (++) using VT number 2

[    43.815] (II) systemd-logind: took control of session /org/freedesktop/login1/session/_32
[    43.816] (II) xfree86: Adding drm device (/dev/dri/card0)
[    43.845] (II) systemd-logind: got fd for /dev/dri/card0 226:0 fd 12 paused 0
[    43.863] (--) PCI:*(0:0:2:0) 80ee:beef:0000:0000 rev 0, Mem @ 0xe0000000/16777216, BIOS @ 0x????????/131072
[    43.864] (II) LoadModule: "glx"
[    43.867] (II) Loading /usr/lib/xorg/modules/extensions/libglx.so
[    43.873] (II) Module glx: vendor="X.Org Foundation"
[    43.873] 	compiled for 1.19.6, module version = 1.0.0
[    43.874] 	ABI class: X.Org Server Extension, version 10.0
[    43.874] (==) Matched vboxvideo as autoconfigured driver 0
[    43.875] (==) Matched vboxvideo as autoconfigured driver 1
[    43.875] (==) Matched modesetting as autoconfigured driver 2
[    43.875] (==) Matched fbdev as autoconfigured driver 3
[    43.875] (==) Matched vesa as autoconfigured driver 4
[    43.875] (==) Assigned the driver to the xf86ConfigLayout
[    43.875] (II) LoadModule: "vboxvideo"
[    43.881] (WW) Warning, couldn't open module vboxvideo
[    43.882] (II) UnloadModule: "vboxvideo"
[    43.882] (II) Unloading vboxvideo
[    43.882] (EE) Failed to load module "vboxvideo" (module does not exist, 0)
[    43.882] (II) LoadModule: "modesetting"
[    43.883] (II) Loading /usr/lib/xorg/modules/drivers/modesetting_drv.so
[    43.889] (II) Module modesetting: vendor="X.Org Foundation"
[    43.889] 	compiled for 1.19.6, module version = 1.19.6
[    43.889] 	Module class: X.Org Video Driver
[    43.889] 	ABI class: X.Org Video Driver, version 23.0
[    43.889] (II) LoadModule: "fbdev"
[    43.890] (II) Loading /usr/lib/xorg/modules/drivers/fbdev_drv.so
[    43.893] (II) Module fbdev: vendor="X.Org Foundation"
[    43.893] 	compiled for 1.19.3, module version = 0.4.4
[    43.894] 	Module class: X.Org Video Driver
[    43.894] 	ABI class: X.Org Video Driver, version 23.0
[    43.894] (II) LoadModule: "vesa"
[    43.894] (II) Loading /usr/lib/xorg/modules/drivers/vesa_drv.so
[    43.898] (II) Module vesa: vendor="X.Org Foundation"
[    43.898] 	compiled for 1.19.3, module version = 2.3.4
[    43.899] 	Module class: X.Org Video Driver
[    43.899] 	ABI class: X.Org Video Driver, version 23.0
[    43.899] (==) Matched vboxvideo as autoconfigured driver 0
[    43.899] (==) Matched vboxvideo as autoconfigured driver 1
[    43.899] (==) Matched modesetting as autoconfigured driver 2
[    43.899] (==) Matched fbdev as autoconfigured driver 3
[    43.899] (==) Matched vesa as autoconfigured driver 4
[    43.899] (==) Assigned the driver to the xf86ConfigLayout
[    43.899] (II) LoadModule: "vboxvideo"
[    43.904] (WW) Warning, couldn't open module vboxvideo
[    43.904] (II) UnloadModule: "vboxvideo"
[    43.904] (II) Unloading vboxvideo
[    43.904] (EE) Failed to load module "vboxvideo" (module does not exist, 0)
[    43.904] (II) LoadModule: "modesetting"
[    43.904] (II) Loading /usr/lib/xorg/modules/drivers/modesetting_drv.so
[    43.904] (II) Module modesetting: vendor="X.Org Foundation"
[    43.905] 	compiled for 1.19.6, module version = 1.19.6
[    43.905] 	Module class: X.Org Video Driver
[    43.905] 	ABI class: X.Org Video Driver, version 23.0
[    43.905] (II) UnloadModule: "modesetting"
[    43.905] (II) Unloading modesetting
[    43.905] (II) Failed to load module "modesetting" (already loaded, 0)
[    43.905] (II) LoadModule: "fbdev"
[    43.905] (II) Loading /usr/lib/xorg/modules/drivers/fbdev_drv.so
[    43.905] (II) Module fbdev: vendor="X.Org Foundation"
[    43.905] 	compiled for 1.19.3, module version = 0.4.4
[    43.905] 	Module class: X.Org Video Driver
[    43.905] 	ABI class: X.Org Video Driver, version 23.0
[    43.905] (II) UnloadModule: "fbdev"
[    43.905] (II) Unloading fbdev
[    43.905] (II) Failed to load module "fbdev" (already loaded, 0)
[    43.906] (II) LoadModule: "vesa"
[    43.906] (II) Loading /usr/lib/xorg/modules/drivers/vesa_drv.so
[    43.906] (II) Module vesa: vendor="X.Org Foundation"
[    43.906] 	compiled for 1.19.3, module version = 2.3.4
[    43.906] 	Module class: X.Org Video Driver
[    43.906] 	ABI class: X.Org Video Driver, version 23.0
[    43.906] (II) UnloadModule: "vesa"
[    43.906] (II) Unloading vesa
[    43.906] (II) Failed to load module "vesa" (already loaded, 0)
[    43.906] (II) modesetting: Driver for Modesetting Kernel Drivers: kms
[    43.906] (II) FBDEV: driver for framebuffer: fbdev
[    43.906] (II) VESA: driver for VESA chipsets: vesa
[    43.927] xf86EnableIOPorts: failed to set IOPL for I/O (Operation not permitted)
[    43.927] (II) modeset(0): using drv /dev/dri/card0
[    43.928] (WW) Falling back to old probe method for fbdev
[    43.932] (II) Loading sub module "fbdevhw"
[    43.932] (II) LoadModule: "fbdevhw"
[    43.932] (II) Loading /usr/lib/xorg/modules/libfbdevhw.so
[    43.936] (II) Module fbdevhw: vendor="X.Org Foundation"
[    43.936] 	compiled for 1.19.6, module version = 0.0.2
[    43.936] 	ABI class: X.Org Video Driver, version 23.0
[    43.936] (EE) open /dev/fb0: Permission denied
[    43.936] (WW) Falling back to old probe method for vesa
[    43.936] (WW) VGA arbiter: cannot open kernel arbiter, no multi-card support
[    43.936] (II) modeset(0): Creating default Display subsection in Screen section
	"Default Screen Section" for depth/fbbpp 24/32
[    43.936] (==) modeset(0): Depth 24, (==) framebuffer bpp 32
[    43.937] (==) modeset(0): RGB weight 888
[    43.937] (==) modeset(0): Default visual is TrueColor
[    43.937] (II) Loading sub module "glamoregl"
[    43.937] (II) LoadModule: "glamoregl"
[    43.937] (II) Loading /usr/lib/xorg/modules/libglamoregl.so
[    43.973] (II) Module glamoregl: vendor="X.Org Foundation"
[    43.973] 	compiled for 1.19.6, module version = 1.0.0
[    43.973] 	ABI class: X.Org ANSI C Emulation, version 0.4
[    43.973] (II) glamor: OpenGL accelerated X.org driver based.
[    44.121] (II) glamor: EGL version 1.4 (DRI2):
[    44.121] EGL_MESA_drm_image required.
[    44.123] (EE) modeset(0): glamor initialization failed
[    44.124] (II) modeset(0): ShadowFB: preferred NO, enabled NO
[    44.132] (II) modeset(0): Output VGA-1 has no monitor section
[    44.134] (II) modeset(0): EDID for output VGA-1
[    44.135] (II) modeset(0): Manufacturer: VBX  Model: 0  Serial#: 46073174
[    44.135] (II) modeset(0): Year: 1990  Week: 1
[    44.135] (II) modeset(0): EDID Version: 1.3
[    44.135] (II) modeset(0): Digital Display Input
[    44.136] (II) modeset(0): Indeterminate output size
[    44.136] (II) modeset(0): Gamma: 2.20
[    44.136] (II) modeset(0): DPMS capabilities: StandBy Suspend Off
[    44.137] (II) modeset(0): Supported color encodings: RGB 4:4:4 YCrCb 4:4:4 
[    44.137] (II) modeset(0): Default color space is primary color space
[    44.137] (II) modeset(0): First detailed timing is preferred mode
[    44.137] (II) modeset(0): redX: 0.640 redY: 0.330   greenX: 0.300 greenY: 0.600
[    44.137] (II) modeset(0): blueX: 0.150 blueY: 0.060   whiteX: 0.312 whiteY: 0.329
[    44.140] (II) modeset(0): Manufacturer's mask: 0
[    44.141] (II) modeset(0): Supported detailed timing:
[    44.141] (II) modeset(0): clock: 58.4 MHz   Image Size:  0 x 0 mm
[    44.141] (II) modeset(0): h_active: 1366  h_sync: 1368  h_sync_end 1370 h_blank_end 1372 h_border: 0
[    44.141] (II) modeset(0): v_active: 703  v_sync: 703  v_sync_end 737 v_blanking: 709 v_border: 0
[    44.141] (II) modeset(0): Ranges: V min: 0 V max: 200 Hz, H min: 0 H max: 200 kHz, PixClock max 1005 MHz
[    44.142] (II) modeset(0): Monitor name: VBOX monitor
[    44.142] (II) modeset(0): EDID (in hex):
[    44.142] (II) modeset(0): 	00ffffffffffff00585800005605bf02
[    44.142] (II) modeset(0): 	0100010380000078eeee91a3544c9926
[    44.142] (II) modeset(0): 	0f505400000001010101010101010101
[    44.142] (II) modeset(0): 	010101010101cc16560650bf06200202
[    44.142] (II) modeset(0): 	0202000000000000000000fd0000c800
[    44.142] (II) modeset(0): 	c864000a202020202020000000fc0056
[    44.142] (II) modeset(0): 	424f58206d6f6e69746f720a00000010
[    44.142] (II) modeset(0): 	000a20202020202020202020202000ce
[    44.142] (II) modeset(0): Printing probed modes for output VGA-1
[    44.142] (II) modeset(0): Modeline "1360x703"x59.9   77.10  1360 1424 1560 1760  703 706 716 731 -hsync +vsync (43.8 kHz P)
[    44.142] (II) modeset(0): Modeline "2560x1600"x60.0  348.50  2560 2752 3032 3504  1600 1603 1609 1658 -hsync +vsync (99.5 kHz e)
[    44.143] (II) modeset(0): Modeline "2560x1600"x60.0  268.50  2560 2608 2640 2720  1600 1603 1609 1646 +hsync -vsync (98.7 kHz e)
[    44.143] (II) modeset(0): Modeline "1920x1440"x60.0  234.00  1920 2048 2256 2600  1440 1441 1444 1500 -hsync +vsync (90.0 kHz e)
[    44.143] (II) modeset(0): Modeline "1856x1392"x60.0  218.25  1856 1952 2176 2528  1392 1393 1396 1439 -hsync +vsync (86.3 kHz e)
[    44.143] (II) modeset(0): Modeline "1792x1344"x60.0  204.75  1792 1920 2120 2448  1344 1345 1348 1394 -hsync +vsync (83.6 kHz e)
[    44.143] (II) modeset(0): Modeline "2048x1152"x60.0  162.00  2048 2074 2154 2250  1152 1153 1156 1200 +hsync +vsync (72.0 kHz e)
[    44.143] (II) modeset(0): Modeline "1920x1200"x59.9  193.25  1920 2056 2256 2592  1200 1203 1209 1245 -hsync +vsync (74.6 kHz e)
[    44.143] (II) modeset(0): Modeline "1920x1200"x60.0  154.00  1920 1968 2000 2080  1200 1203 1209 1235 +hsync -vsync (74.0 kHz e)
[    44.143] (II) modeset(0): Modeline "1920x1080"x60.0  148.50  1920 2008 2052 2200  1080 1084 1089 1125 -hsync -vsync (67.5 kHz e)
[    44.143] (II) modeset(0): Modeline "1600x1200"x60.0  162.00  1600 1664 1856 2160  1200 1201 1204 1250 +hsync +vsync (75.0 kHz e)
[    44.143] (II) modeset(0): Modeline "1680x1050"x60.0  146.25  1680 1784 1960 2240  1050 1053 1059 1089 -hsync +vsync (65.3 kHz e)
[    44.143] (II) modeset(0): Modeline "1680x1050"x59.9  119.00  1680 1728 1760 1840  1050 1053 1059 1080 +hsync -vsync (64.7 kHz e)
[    44.143] (II) modeset(0): Modeline "1400x1050"x60.0  121.75  1400 1488 1632 1864  1050 1053 1057 1089 -hsync +vsync (65.3 kHz e)
[    44.143] (II) modeset(0): Modeline "1400x1050"x59.9  101.00  1400 1448 1480 1560  1050 1053 1057 1080 +hsync -vsync (64.7 kHz e)
[    44.143] (II) modeset(0): Modeline "1600x900"x60.0  108.00  1600 1624 1704 1800  900 901 904 1000 +hsync +vsync (60.0 kHz e)
[    44.143] (II) modeset(0): Modeline "1280x1024"x60.0  108.00  1280 1328 1440 1688  1024 1025 1028 1066 +hsync +vsync (64.0 kHz e)
[    44.143] (II) modeset(0): Modeline "1440x900"x59.9  106.50  1440 1520 1672 1904  900 903 909 934 -hsync +vsync (55.9 kHz e)
[    44.143] (II) modeset(0): Modeline "1440x900"x59.9   88.75  1440 1488 1520 1600  900 903 909 926 +hsync -vsync (55.5 kHz e)
[    44.143] (II) modeset(0): Modeline "1280x960"x60.0  108.00  1280 1376 1488 1800  960 961 964 1000 +hsync +vsync (60.0 kHz e)
[    44.143] (II) modeset(0): Modeline "1366x768"x59.8   85.50  1366 1436 1579 1792  768 771 774 798 +hsync +vsync (47.7 kHz e)
[    44.143] (II) modeset(0): Modeline "1366x768"x60.0   72.00  1366 1380 1436 1500  768 769 772 800 +hsync +vsync (48.0 kHz e)
[    44.143] (II) modeset(0): Modeline "1360x768"x60.0   85.50  1360 1424 1536 1792  768 771 777 795 +hsync +vsync (47.7 kHz e)
[    44.143] (II) modeset(0): Modeline "1280x800"x59.8   83.50  1280 1352 1480 1680  800 803 809 831 -hsync +vsync (49.7 kHz e)
[    44.143] (II) modeset(0): Modeline "1280x800"x59.9   71.00  1280 1328 1360 1440  800 803 809 823 +hsync -vsync (49.3 kHz e)
[    44.143] (II) modeset(0): Modeline "1280x768"x59.9   79.50  1280 1344 1472 1664  768 771 778 798 -hsync +vsync (47.8 kHz e)
[    44.143] (II) modeset(0): Modeline "1280x768"x60.0   68.25  1280 1328 1360 1440  768 771 778 790 +hsync -vsync (47.4 kHz e)
[    44.143] (II) modeset(0): Modeline "1280x720"x60.0   74.25  1280 1390 1430 1650  720 725 730 750 +hsync +vsync (45.0 kHz e)
[    44.143] (II) modeset(0): Modeline "1024x768"x60.0   65.00  1024 1048 1184 1344  768 771 777 806 -hsync -vsync (48.4 kHz e)
[    44.144] (II) modeset(0): Modeline "800x600"x60.3   40.00  800 840 968 1056  600 601 605 628 +hsync +vsync (37.9 kHz e)
[    44.144] (II) modeset(0): Modeline "800x600"x56.2   36.00  800 824 896 1024  600 601 603 625 +hsync +vsync (35.2 kHz e)
[    44.144] (II) modeset(0): Modeline "848x480"x60.0   33.75  848 864 976 1088  480 486 494 517 +hsync +vsync (31.0 kHz e)
[    44.144] (II) modeset(0): Modeline "640x480"x59.9   25.18  640 656 752 800  480 490 492 525 -hsync -vsync (31.5 kHz e)
[    44.144] (II) modeset(0): Output VGA-1 connected
[    44.144] (II) modeset(0): Using exact sizes for initial modes
[    44.144] (II) modeset(0): Output VGA-1 using initial mode 1360x703 +0+0
[    44.144] (==) modeset(0): Using gamma correction (1.0, 1.0, 1.0)
[    44.144] (==) modeset(0): DPI set to (96, 96)
[    44.152] (II) Loading sub module "fb"
[    44.152] (II) LoadModule: "fb"
[    44.153] (II) Loading /usr/lib/xorg/modules/libfb.so
[    44.160] (II) Module fb: vendor="X.Org Foundation"
[    44.160] 	compiled for 1.19.6, module version = 1.0.0
[    44.160] 	ABI class: X.Org ANSI C Emulation, version 0.4
[    44.160] (II) UnloadModule: "fbdev"
[    44.160] (II) Unloading fbdev
[    44.160] (II) UnloadSubModule: "fbdevhw"
[    44.160] (II) Unloading fbdevhw
[    44.160] (II) UnloadModule: "vesa"
[    44.160] (II) Unloading vesa
[    44.161] (==) Depth 24 pixmap format is 32 bpp
[    44.165] (==) modeset(0): Backing store enabled
[    44.165] (==) modeset(0): Silken mouse enabled
[    44.166] (II) modeset(0): RandR 1.2 enabled, ignore the following RandR disabled message.
[    44.167] (==) modeset(0): DPMS enabled
[    44.167] (--) RandR disabled
[    44.199] (II) SELinux: Disabled on system
[    44.203] (II) AIGLX: Screen 0 is not DRI2 capable
[    44.203] (EE) AIGLX: reverting to software rendering
[    44.220] (II) IGLX: enabled GLX_MESA_copy_sub_buffer
[    44.228] (II) IGLX: Loaded and initialized swrast
[    44.228] (II) GLX: Initialized DRISWRAST GL provider for screen 0
[    44.232] (II) modeset(0): Damage tracking initialized
[    44.232] (II) modeset(0): Setting screen physical size to 359 x 186
[    44.419] (II) config/udev: Adding input device Power Button (/dev/input/event0)
[    44.419] (**) Power Button: Applying InputClass "libinput keyboard catchall"
[    44.419] (II) LoadModule: "libinput"
[    44.420] (II) Loading /usr/lib/xorg/modules/input/libinput_drv.so
[    44.426] (II) Module libinput: vendor="X.Org Foundation"
[    44.426] 	compiled for 1.19.6, module version = 0.27.1
[    44.426] 	Module class: X.Org XInput Driver
[    44.427] 	ABI class: X.Org XInput driver, version 24.1
[    44.427] (II) Using input driver 'libinput' for 'Power Button'
[    44.438] (II) systemd-logind: got fd for /dev/input/event0 13:64 fd 20 paused 0
[    44.438] (**) Power Button: always reports core events
[    44.442] (**) Option "Device" "/dev/input/event0"
[    44.442] (**) Option "_source" "server/udev"
[    44.457] (II) event0  - Power Button: is tagged by udev as: Keyboard
[    44.457] (II) event0  - Power Button: device is a keyboard
[    44.457] (II) event0  - Power Button: device removed
[    44.461] (**) Option "config_info" "udev:/sys/devices/LNXSYSTM:00/LNXPWRBN:00/input/input0/event0"
[    44.462] (II) XINPUT: Adding extended input device "Power Button" (type: KEYBOARD, id 6)
[    44.462] (**) Option "xkb_model" "pc105"
[    44.462] (**) Option "xkb_layout" "us"
[    44.472] (II) event0  - Power Button: is tagged by udev as: Keyboard
[    44.472] (II) event0  - Power Button: device is a keyboard
[    44.473] (II) config/udev: Adding input device Sleep Button (/dev/input/event1)
[    44.474] (**) Sleep Button: Applying InputClass "libinput keyboard catchall"
[    44.474] (II) Using input driver 'libinput' for 'Sleep Button'
[    44.476] (II) systemd-logind: got fd for /dev/input/event1 13:65 fd 23 paused 0
[    44.477] (**) Sleep Button: always reports core events
[    44.477] (**) Option "Device" "/dev/input/event1"
[    44.477] (**) Option "_source" "server/udev"
[    44.484] (II) event1  - Sleep Button: is tagged by udev as: Keyboard
[    44.484] (II) event1  - Sleep Button: device is a keyboard
[    44.484] (II) event1  - Sleep Button: device removed
[    44.485] (**) Option "config_info" "udev:/sys/devices/LNXSYSTM:00/LNXSLPBN:00/input/input1/event1"
[    44.485] (II) XINPUT: Adding extended input device "Sleep Button" (type: KEYBOARD, id 7)
[    44.485] (**) Option "xkb_model" "pc105"
[    44.485] (**) Option "xkb_layout" "us"
[    44.496] (II) event1  - Sleep Button: is tagged by udev as: Keyboard
[    44.496] (II) event1  - Sleep Button: device is a keyboard
[    44.498] (II) config/udev: Adding input device Video Bus (/dev/input/event3)
[    44.498] (**) Video Bus: Applying InputClass "libinput keyboard catchall"
[    44.499] (II) Using input driver 'libinput' for 'Video Bus'
[    44.506] (II) systemd-logind: got fd for /dev/input/event3 13:67 fd 24 paused 0
[    44.507] (**) Video Bus: always reports core events
[    44.507] (**) Option "Device" "/dev/input/event3"
[    44.508] (**) Option "_source" "server/udev"
[    44.516] (II) event3  - Video Bus: is tagged by udev as: Keyboard
[    44.516] (II) event3  - Video Bus: device is a keyboard
[    44.516] (II) event3  - Video Bus: device removed
[    44.516] (**) Option "config_info" "udev:/sys/devices/LNXSYSTM:00/LNXSYBUS:00/PNP0A03:00/LNXVIDEO:00/input/input4/event3"
[    44.517] (II) XINPUT: Adding extended input device "Video Bus" (type: KEYBOARD, id 8)
[    44.517] (**) Option "xkb_model" "pc105"
[    44.517] (**) Option "xkb_layout" "us"
[    44.523] (II) event3  - Video Bus: is tagged by udev as: Keyboard
[    44.523] (II) event3  - Video Bus: device is a keyboard
[    44.532] (II) config/udev: Adding input device VirtualBox mouse integration (/dev/input/event6)
[    44.532] (**) VirtualBox mouse integration: Applying InputClass "libinput pointer catchall"
[    44.533] (II) Using input driver 'libinput' for 'VirtualBox mouse integration'
[    44.535] (II) systemd-logind: got fd for /dev/input/event6 13:70 fd 25 paused 0
[    44.535] (**) VirtualBox mouse integration: always reports core events
[    44.535] (**) Option "Device" "/dev/input/event6"
[    44.536] (**) Option "_source" "server/udev"
[    44.539] (II) event6  - VirtualBox mouse integration: is tagged by udev as: Mouse
[    44.539] (II) event6  - VirtualBox mouse integration: device is a pointer
[    44.539] (II) event6  - VirtualBox mouse integration: device removed
[    44.540] (**) Option "config_info" "udev:/sys/devices/pci0000:00/0000:00:04.0/input/input7/event6"
[    44.540] (II) XINPUT: Adding extended input device "VirtualBox mouse integration" (type: MOUSE, id 9)
[    44.544] (**) Option "AccelerationScheme" "none"
[    44.544] (**) VirtualBox mouse integration: (accel) selected scheme none/0
[    44.545] (**) VirtualBox mouse integration: (accel) acceleration factor: 2.000
[    44.545] (**) VirtualBox mouse integration: (accel) acceleration threshold: 4
[    44.548] (II) event6  - VirtualBox mouse integration: is tagged by udev as: Mouse
[    44.548] (II) event6  - VirtualBox mouse integration: device is a pointer
[    44.552] (II) config/udev: Adding input device VirtualBox mouse integration (/dev/input/js1)
[    44.552] (II) No input driver specified, ignoring this device.
[    44.552] (II) This device may have been added with another device file.
[    44.560] (II) config/udev: Adding input device VirtualBox USB Tablet (/dev/input/event5)
[    44.560] (**) VirtualBox USB Tablet: Applying InputClass "libinput pointer catchall"
[    44.560] (II) Using input driver 'libinput' for 'VirtualBox USB Tablet'
[    44.625] (II) systemd-logind: got fd for /dev/input/event5 13:69 fd 26 paused 0
[    44.625] (**) VirtualBox USB Tablet: always reports core events
[    44.625] (**) Option "Device" "/dev/input/event5"
[    44.625] (**) Option "_source" "server/udev"
[    44.627] (II) event5  - VirtualBox USB Tablet: is tagged by udev as: Mouse
[    44.627] (II) event5  - VirtualBox USB Tablet: device is a pointer
[    44.627] (II) event5  - VirtualBox USB Tablet: device removed
[    44.627] (**) Option "config_info" "udev:/sys/devices/pci0000:00/0000:00:06.0/usb1/1-1/1-1:1.0/0003:80EE:0021.0001/input/input6/event5"
[    44.627] (II) XINPUT: Adding extended input device "VirtualBox USB Tablet" (type: MOUSE, id 10)
[    44.627] (**) Option "AccelerationScheme" "none"
[    44.627] (**) VirtualBox USB Tablet: (accel) selected scheme none/0
[    44.627] (**) VirtualBox USB Tablet: (accel) acceleration factor: 2.000
[    44.627] (**) VirtualBox USB Tablet: (accel) acceleration threshold: 4
[    44.637] (II) event5  - VirtualBox USB Tablet: is tagged by udev as: Mouse
[    44.638] (II) event5  - VirtualBox USB Tablet: device is a pointer
[    44.646] (II) config/udev: Adding input device VirtualBox USB Tablet (/dev/input/js0)
[    44.646] (II) No input driver specified, ignoring this device.
[    44.646] (II) This device may have been added with another device file.
[    44.651] (II) config/udev: Adding input device VirtualBox USB Tablet (/dev/input/mouse1)
[    44.651] (II) No input driver specified, ignoring this device.
[    44.651] (II) This device may have been added with another device file.
[    44.660] (II) config/udev: Adding input device AT Translated Set 2 keyboard (/dev/input/event2)
[    44.660] (**) AT Translated Set 2 keyboard: Applying InputClass "libinput keyboard catchall"
[    44.661] (II) Using input driver 'libinput' for 'AT Translated Set 2 keyboard'
[    44.665] (II) systemd-logind: got fd for /dev/input/event2 13:66 fd 27 paused 0
[    44.665] (**) AT Translated Set 2 keyboard: always reports core events
[    44.665] (**) Option "Device" "/dev/input/event2"
[    44.665] (**) Option "_source" "server/udev"
[    44.671] (II) event2  - AT Translated Set 2 keyboard: is tagged by udev as: Keyboard
[    44.671] (II) event2  - AT Translated Set 2 keyboard: device is a keyboard
[    44.672] (II) event2  - AT Translated Set 2 keyboard: device removed
[    44.672] (**) Option "config_info" "udev:/sys/devices/platform/i8042/serio0/input/input2/event2"
[    44.672] (II) XINPUT: Adding extended input device "AT Translated Set 2 keyboard" (type: KEYBOARD, id 11)
[    44.672] (**) Option "xkb_model" "pc105"
[    44.673] (**) Option "xkb_layout" "us"
[    44.677] (II) event2  - AT Translated Set 2 keyboard: is tagged by udev as: Keyboard
[    44.677] (II) event2  - AT Translated Set 2 keyboard: device is a keyboard
[    44.682] (II) config/udev: Adding input device ImExPS/2 Generic Explorer Mouse (/dev/input/event4)
[    44.683] (**) ImExPS/2 Generic Explorer Mouse: Applying InputClass "libinput pointer catchall"
[    44.683] (II) Using input driver 'libinput' for 'ImExPS/2 Generic Explorer Mouse'
[    44.686] (II) systemd-logind: got fd for /dev/input/event4 13:68 fd 28 paused 0
[    44.686] (**) ImExPS/2 Generic Explorer Mouse: always reports core events
[    44.686] (**) Option "Device" "/dev/input/event4"
[    44.686] (**) Option "_source" "server/udev"
[    44.688] (II) event4  - ImExPS/2 Generic Explorer Mouse: is tagged by udev as: Mouse
[    44.688] (II) event4  - ImExPS/2 Generic Explorer Mouse: device is a pointer
[    44.689] (II) event4  - ImExPS/2 Generic Explorer Mouse: device removed
[    44.689] (**) Option "config_info" "udev:/sys/devices/platform/i8042/serio1/input/input5/event4"
[    44.691] (II) XINPUT: Adding extended input device "ImExPS/2 Generic Explorer Mouse" (type: MOUSE, id 12)
[    44.692] (**) Option "AccelerationScheme" "none"
[    44.692] (**) ImExPS/2 Generic Explorer Mouse: (accel) selected scheme none/0
[    44.695] (**) ImExPS/2 Generic Explorer Mouse: (accel) acceleration factor: 2.000
[    44.696] (**) ImExPS/2 Generic Explorer Mouse: (accel) acceleration threshold: 4
[    44.697] (II) event4  - ImExPS/2 Generic Explorer Mouse: is tagged by udev as: Mouse
[    44.697] (II) event4  - ImExPS/2 Generic Explorer Mouse: device is a pointer
[    44.699] (II) config/udev: Adding input device ImExPS/2 Generic Explorer Mouse (/dev/input/mouse0)
[    44.699] (II) No input driver specified, ignoring this device.
[    44.699] (II) This device may have been added with another device file.
[    46.926] (II) modeset(0): EDID vendor "VBX", prod id 0
[    46.927] (II) modeset(0): DDCModeFromDetailedTiming: 1366x703 Warning: We only handle separate sync.
[    46.927] (II) modeset(0): Using EDID range info for horizontal sync
[    46.927] (II) modeset(0): Using EDID range info for vertical refresh
